kotlin version: 2.0.0
error message: org.jetbrains.kotlin.backend.common.BackendException: Backend Internal error: Exception during IR lowering
File being compiled: /Users/user/AndroidStudioProjects/MiniKitAlbum/presentation/src/main/java/com/rure/presentation/components/AlbumCard.kt
The root cause java.lang.RuntimeException was thrown at: org.jetbrains.kotlin.backend.jvm.codegen.FunctionCodegen.generate(FunctionCodegen.kt:50)
	at org.jetbrains.kotlin.backend.common.CodegenUtil.reportBackendException(CodegenUtil.kt:253)
	at org.jetbrains.kotlin.backend.common.CodegenUtil.reportBackendException$default(CodegenUtil.kt:236)
	at org.jetbrains.kotlin.backend.common.phaser.PerformByIrFilePhase.invokeSequential(performByIrFile.kt:65)
	at org.jetbrains.kotlin.backend.common.phaser.PerformByIrFilePhase.invoke(performByIrFile.kt:52)
	at org.jetbrains.kotlin.backend.common.phaser.PerformByIrFilePhase.invoke(performByIrFile.kt:38)
	at org.jetbrains.kotlin.backend.common.phaser.NamedCompilerPhase.phaseBody(CompilerPhase.kt:166)
	at org.jetbrains.kotlin.backend.common.phaser.AbstractNamedCompilerPhase.invoke(CompilerPhase.kt:113)
	at org.jetbrains.kotlin.backend.common.phaser.CompositePhase.invoke(PhaseBuilders.kt:29)
	at org.jetbrains.kotlin.backend.common.phaser.CompositePhase.invoke(PhaseBuilders.kt:16)
	at org.jetbrains.kotlin.backend.common.phaser.NamedCompilerPhase.phaseBody(CompilerPhase.kt:166)
	at org.jetbrains.kotlin.backend.common.phaser.AbstractNamedCompilerPhase.invoke(CompilerPhase.kt:113)
	at org.jetbrains.kotlin.backend.common.phaser.CompilerPhaseKt.invokeToplevel(CompilerPhase.kt:62)
	at org.jetbrains.kotlin.backend.jvm.JvmIrCodegenFactory.invokeCodegen(JvmIrCodegenFactory.kt:371)
	at org.jetbrains.kotlin.codegen.CodegenFactory.generateModule(CodegenFactory.kt:47)
	at org.jetbrains.kotlin.backend.jvm.JvmIrCodegenFactory.generateModuleInFrontendIRMode(JvmIrCodegenFactory.kt:433)
	at org.jetbrains.kotlin.cli.jvm.compiler.pipeline.JvmCompilerPipelineKt.generateCodeFromIr(jvmCompilerPipeline.kt:241)
	at org.jetbrains.kotlin.cli.jvm.compiler.pipeline.JvmCompilerPipelineKt.compileModulesUsingFrontendIrAndLightTree(jvmCompilerPipeline.kt:140)
	at org.jetbrains.kotlin.cli.jvm.K2JVMCompiler.doExecute(K2JVMCompiler.kt:155)
	at org.jetbrains.kotlin.cli.jvm.K2JVMCompiler.doExecute(K2JVMCompiler.kt:50)
	at org.jetbrains.kotlin.cli.common.CLICompiler.execImpl(CLICompiler.kt:104)
	at org.jetbrains.kotlin.cli.common.CLICompiler.execImpl(CLICompiler.kt:48)
	at org.jetbrains.kotlin.cli.common.CLITool.exec(CLITool.kt:101)
	at org.jetbrains.kotlin.incremental.IncrementalJvmCompilerRunner.runCompiler(IncrementalJvmCompilerRunner.kt:453)
	at org.jetbrains.kotlin.incremental.IncrementalJvmCompilerRunner.runCompiler(IncrementalJvmCompilerRunner.kt:62)
	at org.jetbrains.kotlin.incremental.IncrementalCompilerRunner.doCompile(IncrementalCompilerRunner.kt:506)
	at org.jetbrains.kotlin.incremental.IncrementalCompilerRunner.compileImpl(IncrementalCompilerRunner.kt:423)
	at org.jetbrains.kotlin.incremental.IncrementalCompilerRunner.compileNonIncrementally(IncrementalCompilerRunner.kt:301)
	at org.jetbrains.kotlin.incremental.IncrementalCompilerRunner.compile(IncrementalCompilerRunner.kt:129)
	at org.jetbrains.kotlin.daemon.CompileServiceImplBase.execIncrementalCompiler(CompileServiceImpl.kt:676)
	at org.jetbrains.kotlin.daemon.CompileServiceImplBase.access$execIncrementalCompiler(CompileServiceImpl.kt:92)
	at org.jetbrains.kotlin.daemon.CompileServiceImpl.compile(CompileServiceImpl.kt:1661)
	at java.base/jdk.internal.reflect.DirectMethodHandleAccessor.invoke(Unknown Source)
	at java.base/java.lang.reflect.Method.invoke(Unknown Source)
	at java.rmi/sun.rmi.server.UnicastServerRef.dispatch(Unknown Source)
	at java.rmi/sun.rmi.transport.Transport$1.run(Unknown Source)
	at java.rmi/sun.rmi.transport.Transport$1.run(Unknown Source)
	at java.base/java.security.AccessController.doPrivileged(Unknown Source)
	at java.rmi/sun.rmi.transport.Transport.serviceCall(Unknown Source)
	at java.rmi/sun.rmi.transport.tcp.TCPTransport.handleMessages(Unknown Source)
	at java.rmi/sun.rmi.transport.tcp.TCPTransport$ConnectionHandler.run0(Unknown Source)
	at java.rmi/sun.rmi.transport.tcp.TCPTransport$ConnectionHandler.lambda$run$0(Unknown Source)
	at java.base/java.security.AccessController.doPrivileged(Unknown Source)
	at java.rmi/sun.rmi.transport.tcp.TCPTransport$ConnectionHandler.run(Unknown Source)
	at java.base/java.util.concurrent.ThreadPoolExecutor.runWorker(Unknown Source)
	at java.base/java.util.concurrent.ThreadPoolExecutor$Worker.run(Unknown Source)
	at java.base/java.lang.Thread.run(Unknown Source)
Caused by: java.lang.RuntimeException: Exception while generating code for:
FUN LOCAL_FUNCTION_FOR_LAMBDA name:AlbumCard$lambda$4 visibility:private modality:FINAL <> ($album:com.rure.domain.entities.Album, $showDownloadBadge:kotlin.Boolean, $this$Card:androidx.compose.foundation.layout.ColumnScope) returnType:kotlin.Unit?
  VALUE_PARAMETER BOUND_VALUE_PARAMETER name:$album index:0 type:com.rure.domain.entities.Album
  VALUE_PARAMETER BOUND_VALUE_PARAMETER name:$showDownloadBadge index:1 type:kotlin.Boolean
  VALUE_PARAMETER name:$this$Card index:2 type:androidx.compose.foundation.layout.ColumnScope
  BLOCK_BODY
    CALL 'public final fun Column$default (modifier: androidx.compose.ui.Modifier?, verticalArrangement: androidx.compose.foundation.layout.Arrangement.Vertical?, horizontalAlignment: androidx.compose.ui.Alignment.Horizontal?, content: @[Composable] @[ExtensionFunctionType] kotlin.Function1<androidx.compose.foundation.layout.ColumnScope, kotlin.Unit>, $mask0: kotlin.Int, $handler: kotlin.Any?): kotlin.Unit [inline] declared in androidx.compose.foundation.layout.ColumnKt' type=kotlin.Unit origin=DEFAULT_DISPATCH_CALL
      modifier: COMPOSITE type=androidx.compose.ui.Modifier? origin=DEFAULT_VALUE
        CONST Null type=androidx.compose.ui.Modifier? value=null
      verticalArrangement: COMPOSITE type=androidx.compose.foundation.layout.Arrangement.Vertical? origin=DEFAULT_VALUE
        CONST Null type=androidx.compose.foundation.layout.Arrangement.Vertical? value=null
      horizontalAlignment: COMPOSITE type=androidx.compose.ui.Alignment.Horizontal? origin=DEFAULT_VALUE
        CONST Null type=androidx.compose.ui.Alignment.Horizontal? value=null
      content: BLOCK type=@[ExtensionFunctionType] kotlin.Function1<androidx.compose.foundation.layout.ColumnScope, kotlin.Unit> origin=LAMBDA
        COMPOSITE type=kotlin.Unit origin=null
        FUNCTION_REFERENCE 'private final fun AlbumCard$lambda$4$lambda$3 ($album: com.rure.domain.entities.Album, $showDownloadBadge: kotlin.Boolean): kotlin.Unit declared in com.rure.presentation.components.AlbumCardKt' type=@[ExtensionFunctionType] kotlin.Function1<androidx.compose.foundation.layout.ColumnScope, kotlin.Unit> origin=INLINE_LAMBDA reflectionTarget=null
          $album: GET_VAR '$album: com.rure.domain.entities.Album declared in com.rure.presentation.components.AlbumCardKt.AlbumCard$lambda$4' type=com.rure.domain.entities.Album origin=null
          $showDownloadBadge: GET_VAR '$showDownloadBadge: kotlin.Boolean declared in com.rure.presentation.components.AlbumCardKt.AlbumCard$lambda$4' type=kotlin.Boolean origin=null
      $mask0: CONST Int type=kotlin.Int value=7
      $handler: CONST Null type=kotlin.Any? value=null

	at org.jetbrains.kotlin.backend.jvm.codegen.FunctionCodegen.generate(FunctionCodegen.kt:50)
	at org.jetbrains.kotlin.backend.jvm.codegen.FunctionCodegen.generate$default(FunctionCodegen.kt:42)
	at org.jetbrains.kotlin.backend.jvm.codegen.ClassCodegen.generateMethodNode(ClassCodegen.kt:385)
	at org.jetbrains.kotlin.backend.jvm.codegen.ClassCodegen.generateMethod(ClassCodegen.kt:402)
	at org.jetbrains.kotlin.backend.jvm.codegen.ClassCodegen.generate(ClassCodegen.kt:169)
	at org.jetbrains.kotlin.backend.jvm.FileCodegen.lower(JvmPhases.kt:41)
	at org.jetbrains.kotlin.backend.common.phaser.PhaseBuildersKt.makeIrFilePhase$lambda$5(PhaseBuilders.kt:114)
	at org.jetbrains.kotlin.backend.common.phaser.PhaseBuildersKt$createSimpleNamedCompilerPhase$1.phaseBody(PhaseBuilders.kt:71)
	at org.jetbrains.kotlin.backend.common.phaser.SimpleNamedCompilerPhase.phaseBody(CompilerPhase.kt:226)
	at org.jetbrains.kotlin.backend.common.phaser.AbstractNamedCompilerPhase.invoke(CompilerPhase.kt:113)
	at org.jetbrains.kotlin.backend.common.phaser.PerformByIrFilePhase.invokeSequential(performByIrFile.kt:62)
	... 43 more
Caused by: java.lang.RuntimeException: Exception while generating code for:
FUN INLINE_LAMBDA name:AlbumCard$lambda$4$lambda$3 visibility:private modality:FINAL <> ($receiver:androidx.compose.foundation.layout.ColumnScope, $album:com.rure.domain.entities.Album, $showDownloadBadge:kotlin.Boolean) returnType:kotlin.Unit
  $receiver: VALUE_PARAMETER name:$this$Column type:androidx.compose.foundation.layout.ColumnScope
  VALUE_PARAMETER BOUND_VALUE_PARAMETER name:$album index:0 type:com.rure.domain.entities.Album
  VALUE_PARAMETER BOUND_VALUE_PARAMETER name:$showDownloadBadge index:1 type:kotlin.Boolean
  BLOCK_BODY
    VAR name:$i$a$-Column$default-AlbumCardKt$AlbumCard$2$1 type:kotlin.Int [val]
      CONST Int type=kotlin.Int value=0
    CALL 'public final fun Box$default (modifier: androidx.compose.ui.Modifier?, contentAlignment: androidx.compose.ui.Alignment?, propagateMinConstraints: kotlin.Boolean, content: @[Composable] @[ExtensionFunctionType] kotlin.Function1<androidx.compose.foundation.layout.BoxScope, kotlin.Unit>, $mask0: kotlin.Int, $handler: kotlin.Any?): kotlin.Unit [inline] declared in androidx.compose.foundation.layout.BoxKt' type=kotlin.Unit origin=DEFAULT_DISPATCH_CALL
      modifier: CALL 'public final fun clip (shape: androidx.compose.ui.graphics.Shape): androidx.compose.ui.Modifier declared in androidx.compose.ui.draw.ClipKt' type=androidx.compose.ui.Modifier origin=null
        $receiver: CALL 'public final fun aspectRatio$default (ratio: kotlin.Float, matchHeightConstraintsFirst: kotlin.Boolean, $mask0: kotlin.Int, $handler: kotlin.Any?): androidx.compose.ui.Modifier declared in androidx.compose.foundation.layout.AspectRatioKt' type=androidx.compose.ui.Modifier origin=DEFAULT_DISPATCH_CALL
          $receiver: CALL 'public final fun fillMaxWidth$default (fraction: kotlin.Float, $mask0: kotlin.Int, $handler: kotlin.Any?): androidx.compose.ui.Modifier declared in androidx.compose.foundation.layout.SizeKt' type=androidx.compose.ui.Modifier origin=DEFAULT_DISPATCH_CALL
            $receiver: GET_FIELD 'FIELD FIELD_FOR_OBJECT_INSTANCE name:Companion type:androidx.compose.ui.Modifier.Companion visibility:public [final,static]' type=androidx.compose.ui.Modifier.Companion origin=null
            fraction: COMPOSITE type=kotlin.Float origin=DEFAULT_VALUE
              CONST Float type=kotlin.Float value=0.0
            $mask0: CONST Int type=kotlin.Int value=1
            $handler: CONST Null type=kotlin.Any? value=null
          ratio: CONST Float type=kotlin.Float value=1.0
          matchHeightConstraintsFirst: COMPOSITE type=kotlin.Boolean origin=DEFAULT_VALUE
            CONST Boolean type=kotlin.Boolean value=false
          $mask0: CONST Int type=kotlin.Int value=2
          $handler: CONST Null type=kotlin.Any? value=null
        shape: CALL 'public final fun RoundedCornerShape-a9UjIt4$default (topStart: androidx.compose.ui.unit.Dp, topEnd: androidx.compose.ui.unit.Dp, bottomEnd: androidx.compose.ui.unit.Dp, bottomStart: androidx.compose.ui.unit.Dp, $mask0: kotlin.Int, $handler: kotlin.Any?): androidx.compose.foundation.shape.RoundedCornerShape declared in androidx.compose.foundation.shape.RoundedCornerShapeKt' type=androidx.compose.foundation.shape.RoundedCornerShape origin=DEFAULT_DISPATCH_CALL
          topStart: CALL 'public final fun <get-dp> (): androidx.compose.ui.unit.Dp [inline] declared in androidx.compose.ui.unit.DpKt' type=androidx.compose.ui.unit.Dp origin=GET_PROPERTY
            $receiver: CONST Int type=kotlin.Int value=16
          topEnd: CALL 'public final fun <get-dp> (): androidx.compose.ui.unit.Dp [inline] declared in androidx.compose.ui.unit.DpKt' type=androidx.compose.ui.unit.Dp origin=GET_PROPERTY
            $receiver: CONST Int type=kotlin.Int value=16
          bottomEnd: COMPOSITE type=androidx.compose.ui.unit.Dp origin=DEFAULT_VALUE
            CALL 'public final fun <unsafe-coerce> <T, R> (v: T of kotlin.jvm.internal.<unsafe-coerce>): R of kotlin.jvm.internal.<unsafe-coerce> declared in kotlin.jvm.internal' type=androidx.compose.ui.unit.Dp origin=null
              <T>: kotlin.Float
              <R>: androidx.compose.ui.unit.Dp
              v: CONST Float type=kotlin.Float value=0.0
          bottomStart: COMPOSITE type=androidx.compose.ui.unit.Dp origin=DEFAULT_VALUE
            CALL 'public final fun <unsafe-coerce> <T, R> (v: T of kotlin.jvm.internal.<unsafe-coerce>): R of kotlin.jvm.internal.<unsafe-coerce> declared in kotlin.jvm.internal' type=androidx.compose.ui.unit.Dp origin=null
              <T>: kotlin.Float
              <R>: androidx.compose.ui.unit.Dp
              v: CONST Float type=kotlin.Float value=0.0
          $mask0: CONST Int type=kotlin.Int value=12
          $handler: CONST Null type=kotlin.Any? value=null
      contentAlignment: COMPOSITE type=androidx.compose.ui.Alignment? origin=DEFAULT_VALUE
        CONST Null type=androidx.compose.ui.Alignment? value=null
      propagateMinConstraints: COMPOSITE type=kotlin.Boolean origin=DEFAULT_VALUE
        CONST Boolean type=kotlin.Boolean value=false
      content: BLOCK type=@[ExtensionFunctionType] kotlin.Function1<androidx.compose.foundation.layout.BoxScope, kotlin.Unit> origin=LAMBDA
        COMPOSITE type=kotlin.Unit origin=null
        FUNCTION_REFERENCE 'private final fun AlbumCard$lambda$4$lambda$3$lambda$1 ($album: com.rure.domain.entities.Album, $showDownloadBadge: kotlin.Boolean): kotlin.Unit declared in com.rure.presentation.components.AlbumCardKt' type=@[ExtensionFunctionType] kotlin.Function1<androidx.compose.foundation.layout.BoxScope, kotlin.Unit> origin=INLINE_LAMBDA reflectionTarget=null
          $album: GET_VAR '$album: com.rure.domain.entities.Album declared in com.rure.presentation.components.AlbumCardKt.AlbumCard$lambda$4$lambda$3' type=com.rure.domain.entities.Album origin=null
          $showDownloadBadge: GET_VAR '$showDownloadBadge: kotlin.Boolean declared in com.rure.presentation.components.AlbumCardKt.AlbumCard$lambda$4$lambda$3' type=kotlin.Boolean origin=null
      $mask0: CONST Int type=kotlin.Int value=6
      $handler: CONST Null type=kotlin.Any? value=null
    CALL 'public final fun Column$default (modifier: androidx.compose.ui.Modifier?, verticalArrangement: androidx.compose.foundation.layout.Arrangement.Vertical?, horizontalAlignment: androidx.compose.ui.Alignment.Horizontal?, content: @[Composable] @[ExtensionFunctionType] kotlin.Function1<androidx.compose.foundation.layout.ColumnScope, kotlin.Unit>, $mask0: kotlin.Int, $handler: kotlin.Any?): kotlin.Unit [inline] declared in androidx.compose.foundation.layout.ColumnKt' type=kotlin.Unit origin=DEFAULT_DISPATCH_CALL
      modifier: CALL 'public final fun padding-3ABfNKs (all: androidx.compose.ui.unit.Dp): androidx.compose.ui.Modifier declared in androidx.compose.foundation.layout.PaddingKt' type=androidx.compose.ui.Modifier origin=null
        $receiver: GET_FIELD 'FIELD FIELD_FOR_OBJECT_INSTANCE name:Companion type:androidx.compose.ui.Modifier.Companion visibility:public [final,static]' type=androidx.compose.ui.Modifier.Companion origin=null
        all: CALL 'public final fun <get-dp> (): androidx.compose.ui.unit.Dp [inline] declared in androidx.compose.ui.unit.DpKt' type=androidx.compose.ui.unit.Dp origin=GET_PROPERTY
          $receiver: CONST Int type=kotlin.Int value=14
      verticalArrangement: CALL 'public final fun spacedBy-0680j_4 (space: androidx.compose.ui.unit.Dp): androidx.compose.foundation.layout.Arrangement.HorizontalOrVertical declared in androidx.compose.foundation.layout.Arrangement' type=androidx.compose.foundation.layout.Arrangement.HorizontalOrVertical origin=null
        $this: GET_FIELD 'FIELD FIELD_FOR_OBJECT_INSTANCE name:INSTANCE type:androidx.compose.foundation.layout.Arrangement visibility:public [final,static]' type=androidx.compose.foundation.layout.Arrangement origin=null
        space: CALL 'public final fun <get-dp> (): androidx.compose.ui.unit.Dp [inline] declared in androidx.compose.ui.unit.DpKt' type=androidx.compose.ui.unit.Dp origin=GET_PROPERTY
          $receiver: CONST Int type=kotlin.Int value=4
      horizontalAlignment: COMPOSITE type=androidx.compose.ui.Alignment.Horizontal? origin=DEFAULT_VALUE
        CONST Null type=androidx.compose.ui.Alignment.Horizontal? value=null
      content: BLOCK type=@[ExtensionFunctionType] kotlin.Function1<androidx.compose.foundation.layout.ColumnScope, kotlin.Unit> origin=LAMBDA
        COMPOSITE type=kotlin.Unit origin=null
        FUNCTION_REFERENCE 'private final fun AlbumCard$lambda$4$lambda$3$lambda$2 ($album: com.rure.domain.entities.Album): kotlin.Unit declared in com.rure.presentation.components.AlbumCardKt' type=@[ExtensionFunctionType] kotlin.Function1<androidx.compose.foundation.layout.ColumnScope, kotlin.Unit> origin=INLINE_LAMBDA reflectionTarget=null
          $album: GET_VAR '$album: com.rure.domain.entities.Album declared in com.rure.presentation.components.AlbumCardKt.AlbumCard$lambda$4$lambda$3' type=com.rure.domain.entities.Album origin=null
      $mask0: CONST Int type=kotlin.Int value=4
      $handler: CONST Null type=kotlin.Any? value=null

	at org.jetbrains.kotlin.backend.jvm.codegen.FunctionCodegen.generate(FunctionCodegen.kt:50)
	at org.jetbrains.kotlin.backend.jvm.codegen.IrSourceCompilerForInline.generateLambdaBody(IrSourceCompilerForInline.kt:67)
	at org.jetbrains.kotlin.codegen.inline.ExpressionLambda.generateLambdaBody(LambdaInfo.kt:72)
	at org.jetbrains.kotlin.backend.jvm.codegen.IrInlineCodegen.genValueAndPut(IrInlineCodegen.kt:99)
	at org.jetbrains.kotlin.backend.jvm.codegen.ExpressionCodegen.visitCall$handleParameter(ExpressionCodegen.kt:610)
	at org.jetbrains.kotlin.backend.jvm.codegen.ExpressionCodegen.visitCall(ExpressionCodegen.kt:638)
	at org.jetbrains.kotlin.backend.jvm.codegen.ExpressionCodegen.visitCall(ExpressionCodegen.kt:137)
	at org.jetbrains.kotlin.ir.expressions.IrCall.accept(IrCall.kt:24)
	at org.jetbrains.kotlin.backend.jvm.codegen.ExpressionCodegen.visitStatementContainer(ExpressionCodegen.kt:573)
	at org.jetbrains.kotlin.backend.jvm.codegen.ExpressionCodegen.visitBlockBody(ExpressionCodegen.kt:578)
	at org.jetbrains.kotlin.backend.jvm.codegen.ExpressionCodegen.visitBlockBody(ExpressionCodegen.kt:137)
	at org.jetbrains.kotlin.ir.expressions.IrBlockBody.accept(IrBlockBody.kt:20)
	at org.jetbrains.kotlin.backend.jvm.codegen.ExpressionCodegen.generate(ExpressionCodegen.kt:239)
	at org.jetbrains.kotlin.backend.jvm.codegen.FunctionCodegen.doGenerate(FunctionCodegen.kt:121)
	at org.jetbrains.kotlin.backend.jvm.codegen.FunctionCodegen.generate(FunctionCodegen.kt:46)
	... 53 more
Caused by: java.lang.RuntimeException: Exception while generating code for:
FUN INLINE_LAMBDA name:AlbumCard$lambda$4$lambda$3$lambda$1 visibility:private modality:FINAL <> ($receiver:androidx.compose.foundation.layout.BoxScope, $album:com.rure.domain.entities.Album, $showDownloadBadge:kotlin.Boolean) returnType:kotlin.Unit
  $receiver: VALUE_PARAMETER name:$this$Box type:androidx.compose.foundation.layout.BoxScope
  VALUE_PARAMETER BOUND_VALUE_PARAMETER name:$album index:0 type:com.rure.domain.entities.Album
  VALUE_PARAMETER BOUND_VALUE_PARAMETER name:$showDownloadBadge index:1 type:kotlin.Boolean
  BLOCK_BODY
    VAR name:$i$a$-Box$default-AlbumCardKt$AlbumCard$2$1$1 type:kotlin.Int [val]
      CONST Int type=kotlin.Int value=0
    BLOCK type=kotlin.Unit origin=ARGUMENTS_REORDERING_FOR_CALL
      VAR IR_TEMPORARY_VARIABLE name:tmp0_model type:coil.request.ImageRequest [val]
        CALL 'public final fun build (): coil.request.ImageRequest declared in coil.request.ImageRequest.Builder' type=coil.request.ImageRequest origin=null
          $this: CALL 'public final fun data (data: kotlin.Any?): coil.request.ImageRequest.Builder declared in coil.request.ImageRequest.Builder' type=coil.request.ImageRequest.Builder origin=null
            $this: CONSTRUCTOR_CALL 'public constructor <init> (context: android.content.Context) declared in coil.request.ImageRequest.Builder' type=coil.request.ImageRequest.Builder origin=null
              context: CALL 'public final fun <get-current> (): T of androidx.compose.runtime.CompositionLocal [inline] declared in androidx.compose.runtime.CompositionLocal' type=android.content.Context origin=GET_PROPERTY
                $this: TYPE_OP type=androidx.compose.runtime.CompositionLocal<T of androidx.compose.runtime.CompositionLocal> origin=IMPLICIT_CAST typeOperand=androidx.compose.runtime.CompositionLocal<T of androidx.compose.runtime.CompositionLocal>
                  CALL 'public final fun <get-LocalContext> (): androidx.compose.runtime.ProvidableCompositionLocal<android.content.Context> declared in androidx.compose.ui.platform.AndroidCompositionLocals_androidKt' type=androidx.compose.runtime.ProvidableCompositionLocal<android.content.Context> origin=GET_PROPERTY
            data: CALL 'public final fun <get-cover> (): kotlin.String declared in com.rure.domain.entities.Album' type=kotlin.String origin=GET_PROPERTY
              $this: GET_VAR '$album: com.rure.domain.entities.Album declared in com.rure.presentation.components.AlbumCardKt.AlbumCard$lambda$4$lambda$3$lambda$1' type=com.rure.domain.entities.Album origin=null
      VAR IR_TEMPORARY_VARIABLE name:tmp1_contentDescription type:kotlin.String [val]
        CALL 'public final fun <get-title> (): kotlin.String declared in com.rure.domain.entities.Album' type=kotlin.String origin=GET_PROPERTY
          $this: GET_VAR '$album: com.rure.domain.entities.Album declared in com.rure.presentation.components.AlbumCardKt.AlbumCard$lambda$4$lambda$3$lambda$1' type=com.rure.domain.entities.Album origin=null
      VAR IR_TEMPORARY_VARIABLE name:tmp2_contentScale type:androidx.compose.ui.layout.ContentScale [val]
        CALL 'public final fun <get-Crop> (): androidx.compose.ui.layout.ContentScale declared in androidx.compose.ui.layout.ContentScale.Companion' type=androidx.compose.ui.layout.ContentScale origin=GET_PROPERTY
          $this: GET_FIELD 'FIELD FIELD_FOR_OBJECT_INSTANCE name:Companion type:androidx.compose.ui.layout.ContentScale.Companion visibility:public [final,static]' type=androidx.compose.ui.layout.ContentScale.Companion origin=null
      VAR IR_TEMPORARY_VARIABLE name:tmp3_modifier type:androidx.compose.ui.Modifier [val]
        CALL 'public final fun fillMaxSize$default (fraction: kotlin.Float, $mask0: kotlin.Int, $handler: kotlin.Any?): androidx.compose.ui.Modifier declared in androidx.compose.foundation.layout.SizeKt' type=androidx.compose.ui.Modifier origin=DEFAULT_DISPATCH_CALL
          $receiver: GET_FIELD 'FIELD FIELD_FOR_OBJECT_INSTANCE name:Companion type:androidx.compose.ui.Modifier.Companion visibility:public [final,static]' type=androidx.compose.ui.Modifier.Companion origin=null
          fraction: COMPOSITE type=kotlin.Float origin=DEFAULT_VALUE
            CONST Float type=kotlin.Float value=0.0
          $mask0: CONST Int type=kotlin.Int value=1
          $handler: CONST Null type=kotlin.Any? value=null
      CALL 'public final fun AsyncImage-WXqdOac$default (model: kotlin.Any?, contentDescription: kotlin.String?, modifier: androidx.compose.ui.Modifier?, transform: kotlin.Function1<coil.compose.AsyncImagePainter.State, coil.compose.AsyncImagePainter.State>?, onState: kotlin.Function1<coil.compose.AsyncImagePainter.State, kotlin.Unit>?, alignment: androidx.compose.ui.Alignment?, contentScale: androidx.compose.ui.layout.ContentScale?, alpha: kotlin.Float, colorFilter: androidx.compose.ui.graphics.ColorFilter?, filterQuality: androidx.compose.ui.graphics.FilterQuality, clipToBounds: kotlin.Boolean, modelEqualityDelegate: coil.compose.EqualityDelegate?, $mask0: kotlin.Int, $handler: kotlin.Any?): kotlin.Unit declared in coil.compose.SingletonAsyncImageKt' type=kotlin.Unit origin=DEFAULT_DISPATCH_CALL
        model: GET_VAR 'val tmp0_model: coil.request.ImageRequest [val] declared in com.rure.presentation.components.AlbumCardKt.AlbumCard$lambda$4$lambda$3$lambda$1' type=coil.request.ImageRequest origin=null
        contentDescription: GET_VAR 'val tmp1_contentDescription: kotlin.String [val] declared in com.rure.presentation.components.AlbumCardKt.AlbumCard$lambda$4$lambda$3$lambda$1' type=kotlin.String origin=null
        modifier: GET_VAR 'val tmp3_modifier: androidx.compose.ui.Modifier [val] declared in com.rure.presentation.components.AlbumCardKt.AlbumCard$lambda$4$lambda$3$lambda$1' type=androidx.compose.ui.Modifier origin=null
        transform: COMPOSITE type=kotlin.Function1<coil.compose.AsyncImagePainter.State, coil.compose.AsyncImagePainter.State>? origin=DEFAULT_VALUE
          CONST Null type=kotlin.Function1<coil.compose.AsyncImagePainter.State, coil.compose.AsyncImagePainter.State>? value=null
        onState: COMPOSITE type=kotlin.Function1<coil.compose.AsyncImagePainter.State, kotlin.Unit>? origin=DEFAULT_VALUE
          CONST Null type=kotlin.Function1<coil.compose.AsyncImagePainter.State, kotlin.Unit>? value=null
        alignment: COMPOSITE type=androidx.compose.ui.Alignment? origin=DEFAULT_VALUE
          CONST Null type=androidx.compose.ui.Alignment? value=null
        contentScale: GET_VAR 'val tmp2_contentScale: androidx.compose.ui.layout.ContentScale [val] declared in com.rure.presentation.components.AlbumCardKt.AlbumCard$lambda$4$lambda$3$lambda$1' type=androidx.compose.ui.layout.ContentScale origin=null
        alpha: COMPOSITE type=kotlin.Float origin=DEFAULT_VALUE
          CONST Float type=kotlin.Float value=0.0
        colorFilter: COMPOSITE type=androidx.compose.ui.graphics.ColorFilter? origin=DEFAULT_VALUE
          CONST Null type=androidx.compose.ui.graphics.ColorFilter? value=null
        filterQuality: COMPOSITE type=androidx.compose.ui.graphics.FilterQuality origin=DEFAULT_VALUE
          CALL 'public final fun <unsafe-coerce> <T, R> (v: T of kotlin.jvm.internal.<unsafe-coerce>): R of kotlin.jvm.internal.<unsafe-coerce> declared in kotlin.jvm.internal' type=androidx.compose.ui.graphics.FilterQuality origin=null
            <T>: kotlin.Int
            <R>: androidx.compose.ui.graphics.FilterQuality
            v: CONST Int type=kotlin.Int value=0
        clipToBounds: COMPOSITE type=kotlin.Boolean origin=DEFAULT_VALUE
          CONST Boolean type=kotlin.Boolean value=false
        modelEqualityDelegate: COMPOSITE type=coil.compose.EqualityDelegate? origin=DEFAULT_VALUE
          CONST Null type=coil.compose.EqualityDelegate? value=null
        $mask0: CONST Int type=kotlin.Int value=4024
        $handler: CONST Null type=kotlin.Any? value=null
    CALL 'public final fun Box (modifier: androidx.compose.ui.Modifier): kotlin.Unit declared in androidx.compose.foundation.layout.BoxKt' type=kotlin.Unit origin=null
      modifier: CALL 'public final fun background$default (brush: androidx.compose.ui.graphics.Brush, shape: androidx.compose.ui.graphics.Shape?, alpha: kotlin.Float, $mask0: kotlin.Int, $handler: kotlin.Any?): androidx.compose.ui.Modifier declared in androidx.compose.foundation.BackgroundKt' type=androidx.compose.ui.Modifier origin=DEFAULT_DISPATCH_CALL
        $receiver: CALL 'public final fun fillMaxSize$default (fraction: kotlin.Float, $mask0: kotlin.Int, $handler: kotlin.Any?): androidx.compose.ui.Modifier declared in androidx.compose.foundation.layout.SizeKt' type=androidx.compose.ui.Modifier origin=DEFAULT_DISPATCH_CALL
          $receiver: GET_FIELD 'FIELD FIELD_FOR_OBJECT_INSTANCE name:Companion type:androidx.compose.ui.Modifier.Companion visibility:public [final,static]' type=androidx.compose.ui.Modifier.Companion origin=null
          fraction: COMPOSITE type=kotlin.Float origin=DEFAULT_VALUE
            CONST Float type=kotlin.Float value=0.0
          $mask0: CONST Int type=kotlin.Int value=1
          $handler: CONST Null type=kotlin.Any? value=null
        brush: CALL 'public final fun verticalGradient-8A-3gB4$default ($this: androidx.compose.ui.graphics.Brush.Companion, colors: kotlin.collections.List<androidx.compose.ui.graphics.Color>, startY: kotlin.Float, endY: kotlin.Float, tileMode: androidx.compose.ui.graphics.TileMode, $mask0: kotlin.Int, $handler: kotlin.Any?): androidx.compose.ui.graphics.Brush declared in androidx.compose.ui.graphics.Brush.Companion' type=androidx.compose.ui.graphics.Brush origin=DEFAULT_DISPATCH_CALL
          $this: GET_FIELD 'FIELD FIELD_FOR_OBJECT_INSTANCE name:Companion type:androidx.compose.ui.graphics.Brush.Companion visibility:public [final,static]' type=androidx.compose.ui.graphics.Brush.Companion origin=null
          colors: CALL 'public final fun listOf <T> (vararg elements: T of kotlin.collections.CollectionsKt.listOf): kotlin.collections.List<T of kotlin.collections.CollectionsKt.listOf> declared in kotlin.collections.CollectionsKt' type=kotlin.collections.List<androidx.compose.ui.graphics.Color> origin=null
            <T>: androidx.compose.ui.graphics.Color
            elements: BLOCK type=kotlin.Array<out androidx.compose.ui.graphics.Color> origin=null
              VAR IR_TEMPORARY_VARIABLE name:tmp0 type:kotlin.Array<out androidx.compose.ui.graphics.Color> [val]
                CALL 'public final fun arrayOfNulls <T> (size: kotlin.Int): kotlin.Array<T of kotlin.arrayOfNulls?> declared in kotlin' type=kotlin.Array<out androidx.compose.ui.graphics.Color> origin=null
                  <T>: androidx.compose.ui.graphics.Color
                  size: CONST Int type=kotlin.Int value=2
              CALL 'public final fun set (index: kotlin.Int, value: T of kotlin.Array): kotlin.Unit [operator] declared in kotlin.Array' type=kotlin.Unit origin=null
                $this: GET_VAR 'val tmp0: kotlin.Array<out androidx.compose.ui.graphics.Color> [val] declared in com.rure.presentation.components.AlbumCardKt.AlbumCard$lambda$4$lambda$3$lambda$1' type=kotlin.Array<out androidx.compose.ui.graphics.Color> origin=null
                index: CONST Int type=kotlin.Int value=0
                value: CALL 'public final fun getTransparent-0d7_KjU (): androidx.compose.ui.graphics.Color declared in androidx.compose.ui.graphics.Color.Companion' type=androidx.compose.ui.graphics.Color origin=GET_PROPERTY
                  $this: GET_FIELD 'FIELD FIELD_FOR_OBJECT_INSTANCE name:Companion type:androidx.compose.ui.graphics.Color.Companion visibility:public [final,static]' type=androidx.compose.ui.graphics.Color.Companion origin=null
              CALL 'public final fun set (index: kotlin.Int, value: T of kotlin.Array): kotlin.Unit [operator] declared in kotlin.Array' type=kotlin.Unit origin=null
                $this: GET_VAR 'val tmp0: kotlin.Array<out androidx.compose.ui.graphics.Color> [val] declared in com.rure.presentation.components.AlbumCardKt.AlbumCard$lambda$4$lambda$3$lambda$1' type=kotlin.Array<out androidx.compose.ui.graphics.Color> origin=null
                index: CONST Int type=kotlin.Int value=1
                value: CALL 'public final fun Color (color: kotlin.Long): androidx.compose.ui.graphics.Color declared in androidx.compose.ui.graphics.ColorKt' type=androidx.compose.ui.graphics.Color origin=null
                  color: CONST Long type=kotlin.Long value=2566914048
              GET_VAR 'val tmp0: kotlin.Array<out androidx.compose.ui.graphics.Color> [val] declared in com.rure.presentation.components.AlbumCardKt.AlbumCard$lambda$4$lambda$3$lambda$1' type=kotlin.Array<out androidx.compose.ui.graphics.Color> origin=null
          startY: COMPOSITE type=kotlin.Float origin=DEFAULT_VALUE
            CONST Float type=kotlin.Float value=0.0
          endY: COMPOSITE type=kotlin.Float origin=DEFAULT_VALUE
            CONST Float type=kotlin.Float value=0.0
          tileMode: COMPOSITE type=androidx.compose.ui.graphics.TileMode origin=DEFAULT_VALUE
            CALL 'public final fun <unsafe-coerce> <T, R> (v: T of kotlin.jvm.internal.<unsafe-coerce>): R of kotlin.jvm.internal.<unsafe-coerce> declared in kotlin.jvm.internal' type=androidx.compose.ui.graphics.TileMode origin=null
              <T>: kotlin.Int
              <R>: androidx.compose.ui.graphics.TileMode
              v: CONST Int type=kotlin.Int value=0
          $mask0: CONST Int type=kotlin.Int value=14
          $handler: CONST Null type=kotlin.Any? value=null
        shape: COMPOSITE type=androidx.compose.ui.graphics.Shape? origin=DEFAULT_VALUE
          CONST Null type=androidx.compose.ui.graphics.Shape? value=null
        alpha: COMPOSITE type=kotlin.Float origin=DEFAULT_VALUE
          CONST Float type=kotlin.Float value=0.0
        $mask0: CONST Int type=kotlin.Int value=6
        $handler: CONST Null type=kotlin.Any? value=null
    WHEN type=kotlin.Unit origin=IF
      BRANCH
        if: CALL 'public final fun ANDAND (arg0: kotlin.Boolean, arg1: kotlin.Boolean): kotlin.Boolean declared in kotlin.internal.ir' type=kotlin.Boolean origin=null
          arg0: GET_VAR '$showDownloadBadge: kotlin.Boolean declared in com.rure.presentation.components.AlbumCardKt.AlbumCard$lambda$4$lambda$3$lambda$1' type=kotlin.Boolean origin=null
          arg1: CALL 'public final fun <get-downloaded> (): kotlin.Boolean declared in com.rure.domain.entities.Album' type=kotlin.Boolean origin=GET_PROPERTY
            $this: GET_VAR '$album: com.rure.domain.entities.Album declared in com.rure.presentation.components.AlbumCardKt.AlbumCard$lambda$4$lambda$3$lambda$1' type=com.rure.domain.entities.Album origin=null
        then: BLOCK type=kotlin.Unit origin=null
          CALL 'private final fun DownloadedBadge (modifier: androidx.compose.ui.Modifier): kotlin.Unit declared in com.rure.presentation.components.AlbumCardKt' type=kotlin.Unit origin=null
            modifier: CALL 'public final fun padding-3ABfNKs (all: androidx.compose.ui.unit.Dp): androidx.compose.ui.Modifier declared in androidx.compose.foundation.layout.PaddingKt' type=androidx.compose.ui.Modifier origin=null
              $receiver: CALL 'public abstract fun align (alignment: androidx.compose.ui.Alignment): androidx.compose.ui.Modifier declared in androidx.compose.foundation.layout.BoxScope' type=androidx.compose.ui.Modifier origin=null
                $this: GET_VAR '$this$Box: androidx.compose.foundation.layout.BoxScope declared in com.rure.presentation.components.AlbumCardKt.AlbumCard$lambda$4$lambda$3$lambda$1' type=androidx.compose.foundation.layout.BoxScope origin=null
                $receiver: GET_FIELD 'FIELD FIELD_FOR_OBJECT_INSTANCE name:Companion type:androidx.compose.ui.Modifier.Companion visibility:public [final,static]' type=androidx.compose.ui.Modifier.Companion origin=null
                alignment: CALL 'public final fun <get-TopEnd> (): androidx.compose.ui.Alignment declared in androidx.compose.ui.Alignment.Companion' type=androidx.compose.ui.Alignment origin=GET_PROPERTY
                  $this: GET_FIELD 'FIELD FIELD_FOR_OBJECT_INSTANCE name:Companion type:androidx.compose.ui.Alignment.Companion visibility:public [final,static]' type=androidx.compose.ui.Alignment.Companion origin=null
              all: CALL 'public final fun <get-dp> (): androidx.compose.ui.unit.Dp [inline] declared in androidx.compose.ui.unit.DpKt' type=androidx.compose.ui.unit.Dp origin=GET_PROPERTY
                $receiver: CONST Int type=kotlin.Int value=10

	at org.jetbrains.kotlin.backend.jvm.codegen.FunctionCodegen.generate(FunctionCodegen.kt:50)
	at org.jetbrains.kotlin.backend.jvm.codegen.IrSourceCompilerForInline.generateLambdaBody(IrSourceCompilerForInline.kt:67)
	at org.jetbrains.kotlin.codegen.inline.ExpressionLambda.generateLambdaBody(LambdaInfo.kt:72)
	at org.jetbrains.kotlin.backend.jvm.codegen.IrInlineCodegen.genValueAndPut(IrInlineCodegen.kt:99)
	at org.jetbrains.kotlin.backend.jvm.codegen.ExpressionCodegen.visitCall$handleParameter(ExpressionCodegen.kt:610)
	at org.jetbrains.kotlin.backend.jvm.codegen.ExpressionCodegen.visitCall(ExpressionCodegen.kt:638)
	at org.jetbrains.kotlin.backend.jvm.codegen.ExpressionCodegen.visitCall(ExpressionCodegen.kt:137)
	at org.jetbrains.kotlin.ir.expressions.IrCall.accept(IrCall.kt:24)
	at org.jetbrains.kotlin.backend.jvm.codegen.ExpressionCodegen.visitStatementContainer(ExpressionCodegen.kt:573)
	at org.jetbrains.kotlin.backend.jvm.codegen.ExpressionCodegen.visitBlockBody(ExpressionCodegen.kt:578)
	at org.jetbrains.kotlin.backend.jvm.codegen.ExpressionCodegen.visitBlockBody(ExpressionCodegen.kt:137)
	at org.jetbrains.kotlin.ir.expressions.IrBlockBody.accept(IrBlockBody.kt:20)
	at org.jetbrains.kotlin.backend.jvm.codegen.ExpressionCodegen.generate(ExpressionCodegen.kt:239)
	at org.jetbrains.kotlin.backend.jvm.codegen.FunctionCodegen.doGenerate(FunctionCodegen.kt:121)
	at org.jetbrains.kotlin.backend.jvm.codegen.FunctionCodegen.generate(FunctionCodegen.kt:46)
	... 67 more
Caused by: org.jetbrains.kotlin.codegen.CompilationException: Back-end (JVM) Internal error: Couldn't inline method call: CALL 'public final fun <get-current> (): T of androidx.compose.runtime.CompositionLocal [inline] declared in androidx.compose.runtime.CompositionLocal' type=android.content.Context origin=GET_PROPERTY
Method: null
File is unknown
The root cause java.lang.IllegalStateException was thrown at: org.jetbrains.kotlin.codegen.inline.SourceCompilerForInlineKt.getMethodNode(SourceCompilerForInline.kt:118)
	at org.jetbrains.kotlin.codegen.inline.InlineCodegen.performInline(InlineCodegen.kt:65)
	at org.jetbrains.kotlin.backend.jvm.codegen.IrInlineCodegen.genInlineCall(IrInlineCodegen.kt:162)
	at org.jetbrains.kotlin.backend.jvm.codegen.IrInlineCallGenerator.genCall(IrInlineCallGenerator.kt:36)
	at org.jetbrains.kotlin.backend.jvm.codegen.ExpressionCodegen.visitCall(ExpressionCodegen.kt:647)
	at org.jetbrains.kotlin.backend.jvm.codegen.ExpressionCodegen.visitCall(ExpressionCodegen.kt:137)
	at org.jetbrains.kotlin.ir.expressions.IrCall.accept(IrCall.kt:24)
	at org.jetbrains.kotlin.backend.jvm.codegen.ExpressionCodegen.gen(ExpressionCodegen.kt:216)
	at org.jetbrains.kotlin.backend.jvm.codegen.ExpressionCodegen.generateConstructorArguments(ExpressionCodegen.kt:765)
	at org.jetbrains.kotlin.backend.jvm.codegen.ExpressionCodegen.visitConstructorCall(ExpressionCodegen.kt:753)
	at org.jetbrains.kotlin.backend.jvm.codegen.ExpressionCodegen.visitConstructorCall(ExpressionCodegen.kt:137)
	at org.jetbrains.kotlin.ir.expressions.IrConstructorCall.accept(IrConstructorCall.kt:27)
	at org.jetbrains.kotlin.backend.jvm.codegen.ExpressionCodegen.gen(ExpressionCodegen.kt:216)
	at org.jetbrains.kotlin.backend.jvm.codegen.IrCallGenerator.genValueAndPut(IrCallGenerator.kt:48)
	at org.jetbrains.kotlin.backend.jvm.codegen.ExpressionCodegen.visitCall$handleParameter(ExpressionCodegen.kt:610)
	at org.jetbrains.kotlin.backend.jvm.codegen.ExpressionCodegen.visitCall(ExpressionCodegen.kt:619)
	at org.jetbrains.kotlin.backend.jvm.codegen.ExpressionCodegen.visitCall(ExpressionCodegen.kt:137)
	at org.jetbrains.kotlin.ir.expressions.IrCall.accept(IrCall.kt:24)
	at org.jetbrains.kotlin.backend.jvm.codegen.ExpressionCodegen.gen(ExpressionCodegen.kt:216)
	at org.jetbrains.kotlin.backend.jvm.codegen.IrCallGenerator.genValueAndPut(IrCallGenerator.kt:48)
	at org.jetbrains.kotlin.backend.jvm.codegen.ExpressionCodegen.visitCall$handleParameter(ExpressionCodegen.kt:610)
	at org.jetbrains.kotlin.backend.jvm.codegen.ExpressionCodegen.visitCall(ExpressionCodegen.kt:619)
	at org.jetbrains.kotlin.backend.jvm.codegen.ExpressionCodegen.visitCall(ExpressionCodegen.kt:137)
	at org.jetbrains.kotlin.ir.expressions.IrCall.accept(IrCall.kt:24)
	at org.jetbrains.kotlin.backend.jvm.codegen.ExpressionCodegen.visitVariable(ExpressionCodegen.kt:784)
	at org.jetbrains.kotlin.backend.jvm.codegen.ExpressionCodegen.visitVariable(ExpressionCodegen.kt:137)
	at org.jetbrains.kotlin.ir.declarations.IrVariable.accept(IrVariable.kt:36)
	at org.jetbrains.kotlin.backend.jvm.codegen.ExpressionCodegen.visitStatementContainer(ExpressionCodegen.kt:573)
	at org.jetbrains.kotlin.backend.jvm.codegen.ExpressionCodegen.visitContainerExpression(ExpressionCodegen.kt:587)
	at org.jetbrains.kotlin.backend.jvm.codegen.ExpressionCodegen.visitContainerExpression(ExpressionCodegen.kt:137)
	at org.jetbrains.kotlin.ir.visitors.IrElementVisitor$DefaultImpls.visitBlock(IrElementVisitor.kt:122)
	at org.jetbrains.kotlin.backend.jvm.codegen.ExpressionCodegen.visitBlock(ExpressionCodegen.kt:407)
	at org.jetbrains.kotlin.backend.jvm.codegen.ExpressionCodegen.visitBlock(ExpressionCodegen.kt:137)
	at org.jetbrains.kotlin.ir.expressions.IrBlock.accept(IrBlock.kt:18)
	at org.jetbrains.kotlin.backend.jvm.codegen.ExpressionCodegen.visitStatementContainer(ExpressionCodegen.kt:573)
	at org.jetbrains.kotlin.backend.jvm.codegen.ExpressionCodegen.visitBlockBody(ExpressionCodegen.kt:578)
	at org.jetbrains.kotlin.backend.jvm.codegen.ExpressionCodegen.visitBlockBody(ExpressionCodegen.kt:137)
	at org.jetbrains.kotlin.ir.expressions.IrBlockBody.accept(IrBlockBody.kt:20)
	at org.jetbrains.kotlin.backend.jvm.codegen.ExpressionCodegen.generate(ExpressionCodegen.kt:239)
	at org.jetbrains.kotlin.backend.jvm.codegen.FunctionCodegen.doGenerate(FunctionCodegen.kt:121)
	at org.jetbrains.kotlin.backend.jvm.codegen.FunctionCodegen.generate(FunctionCodegen.kt:46)
	... 81 more
Caused by: java.lang.IllegalStateException: couldn't find inline method Landroidx/compose/runtime/CompositionLocal;.getCurrent()Ljava/lang/Object;
	at org.jetbrains.kotlin.codegen.inline.SourceCompilerForInlineKt.getMethodNode(SourceCompilerForInline.kt:118)
	at org.jetbrains.kotlin.codegen.inline.SourceCompilerForInlineKt.loadCompiledInlineFunction(SourceCompilerForInline.kt:96)
	at org.jetbrains.kotlin.backend.jvm.codegen.IrSourceCompilerForInline.compileInlineFunction(IrSourceCompilerForInline.kt:91)
	at org.jetbrains.kotlin.codegen.inline.InlineCodegen.compileInline(InlineCodegen.kt:43)
	at org.jetbrains.kotlin.codegen.inline.InlineCodegen.performInline(InlineCodegen.kt:51)
	... 120 more


